<?xml version="1.0" encoding="UTF-8"?>
<testng-results skipped="0" failed="1" total="4" passed="3">
  <reporter-output>
    <line>
      <![CDATA[executing something from the verify TEXT prac]]>
    </line>
  </reporter-output>
  <suite name="Default suite" duration-ms="105466" started-at="2021-04-17T03:48:14Z" finished-at="2021-04-17T03:49:59Z">
    <groups>
      <group name="regression">
        <method signature="NavigatePageTest.navigateToUrl()[pri:0, instance:com.KodeItTestCases.NavigatePageTest@8bd1b6a]" name="navigateToUrl" class="com.KodeItTestCases.NavigatePageTest"/>
        <method signature="NavigatePageTest.verifyCourseLink()[pri:0, instance:com.KodeItTestCases.NavigatePageTest@8bd1b6a]" name="verifyCourseLink" class="com.KodeItTestCases.NavigatePageTest"/>
        <method signature="NavigatePageTest.verifyHeader()[pri:0, instance:com.KodeItTestCases.NavigatePageTest@8bd1b6a]" name="verifyHeader" class="com.KodeItTestCases.NavigatePageTest"/>
      </group> <!-- regression -->
      <group name="sanity">
        <method signature="NavigatePageTest.navigateToUrl()[pri:0, instance:com.KodeItTestCases.NavigatePageTest@8bd1b6a]" name="navigateToUrl" class="com.KodeItTestCases.NavigatePageTest"/>
        <method signature="NavigatePageTest.verifyHeader()[pri:0, instance:com.KodeItTestCases.NavigatePageTest@8bd1b6a]" name="verifyHeader" class="com.KodeItTestCases.NavigatePageTest"/>
      </group> <!-- sanity -->
    </groups>
    <test name="Default test" duration-ms="105466" started-at="2021-04-17T03:48:14Z" finished-at="2021-04-17T03:49:59Z">
      <class name="com.KodeItTestCases.NavigatePageTest">
        <test-method status="PASS" signature="browserOpen(java.lang.String)[pri:0, instance:com.KodeItTestCases.NavigatePageTest@8bd1b6a]" name="browserOpen" is-config="true" duration-ms="30135" started-at="2021-04-17T09:18:14Z" finished-at="2021-04-17T09:18:44Z">
          <params>
            <param index="0">
              <value>
                <![CDATA[chrome]]>
              </value>
            </param>
          </params>
          <reporter-output>
          </reporter-output>
        </test-method> <!-- browserOpen -->
        <test-method status="PASS" signature="navigateToUrl()[pri:0, instance:com.KodeItTestCases.NavigatePageTest@8bd1b6a]" name="navigateToUrl" duration-ms="14891" started-at="2021-04-17T09:18:44Z" finished-at="2021-04-17T09:18:59Z">
          <reporter-output>
          </reporter-output>
        </test-method> <!-- navigateToUrl -->
        <test-method status="PASS" signature="tearDown()[pri:0, instance:com.KodeItTestCases.NavigatePageTest@8bd1b6a]" name="tearDown" is-config="true" duration-ms="1651" started-at="2021-04-17T09:18:59Z" finished-at="2021-04-17T09:19:01Z">
          <reporter-output>
          </reporter-output>
        </test-method> <!-- tearDown -->
        <test-method status="PASS" signature="browserOpen(java.lang.String)[pri:0, instance:com.KodeItTestCases.NavigatePageTest@8bd1b6a]" name="browserOpen" is-config="true" duration-ms="20925" started-at="2021-04-17T09:19:01Z" finished-at="2021-04-17T09:19:21Z">
          <params>
            <param index="0">
              <value>
                <![CDATA[chrome]]>
              </value>
            </param>
          </params>
          <reporter-output>
          </reporter-output>
        </test-method> <!-- browserOpen -->
        <test-method status="FAIL" signature="verifyCourseLink()[pri:0, instance:com.KodeItTestCases.NavigatePageTest@8bd1b6a]" name="verifyCourseLink" duration-ms="58" started-at="2021-04-17T09:19:21Z" finished-at="2021-04-17T09:19:22Z">
          <exception class="java.lang.AssertionError">
            <message>
              <![CDATA[expected [View All Courses] but found [View All Products]]]>
            </message>
            <full-stacktrace>
              <![CDATA[java.lang.AssertionError: expected [View All Courses] but found [View All Products]
	at org.testng.Assert.fail(Assert.java:94)
	at org.testng.Assert.failNotEquals(Assert.java:496)
	at org.testng.Assert.assertEquals(Assert.java:125)
	at org.testng.Assert.assertEquals(Assert.java:178)
	at org.testng.Assert.assertEquals(Assert.java:188)
	at com.KodeItTestCases.NavigatePageTest.verifyCourseLink(NavigatePageTest.java:106)
	at sun.reflect.NativeMethodAccessorImpl.invoke0(Native Method)
	at sun.reflect.NativeMethodAccessorImpl.invoke(NativeMethodAccessorImpl.java:62)
	at sun.reflect.DelegatingMethodAccessorImpl.invoke(DelegatingMethodAccessorImpl.java:43)
	at java.lang.reflect.Method.invoke(Method.java:498)
	at org.testng.internal.MethodInvocationHelper.invokeMethod(MethodInvocationHelper.java:85)
	at org.testng.internal.Invoker.invokeMethod(Invoker.java:639)
	at org.testng.internal.Invoker.invokeTestMethod(Invoker.java:816)
	at org.testng.internal.Invoker.invokeTestMethods(Invoker.java:1124)
	at org.testng.internal.TestMethodWorker.invokeTestMethods(TestMethodWorker.java:125)
	at org.testng.internal.TestMethodWorker.run(TestMethodWorker.java:108)
	at org.testng.TestRunner.privateRun(TestRunner.java:774)
	at org.testng.TestRunner.run(TestRunner.java:624)
	at org.testng.SuiteRunner.runTest(SuiteRunner.java:359)
	at org.testng.SuiteRunner.runSequentially(SuiteRunner.java:354)
	at org.testng.SuiteRunner.privateRun(SuiteRunner.java:312)
	at org.testng.SuiteRunner.run(SuiteRunner.java:261)
	at org.testng.SuiteRunnerWorker.runSuite(SuiteRunnerWorker.java:52)
	at org.testng.SuiteRunnerWorker.run(SuiteRunnerWorker.java:86)
	at org.testng.TestNG.runSuitesSequentially(TestNG.java:1215)
	at org.testng.TestNG.runSuitesLocally(TestNG.java:1140)
	at org.testng.TestNG.run(TestNG.java:1048)
	at org.testng.remote.AbstractRemoteTestNG.run(AbstractRemoteTestNG.java:126)
	at org.testng.remote.RemoteTestNG.initAndRun(RemoteTestNG.java:137)
	at org.testng.remote.RemoteTestNG.main(RemoteTestNG.java:58)
]]>
            </full-stacktrace>
          </exception> <!-- java.lang.AssertionError -->
          <reporter-output>
          </reporter-output>
        </test-method> <!-- verifyCourseLink -->
        <test-method status="PASS" signature="tearDown()[pri:0, instance:com.KodeItTestCases.NavigatePageTest@8bd1b6a]" name="tearDown" is-config="true" duration-ms="993" started-at="2021-04-17T09:19:22Z" finished-at="2021-04-17T09:19:23Z">
          <reporter-output>
          </reporter-output>
        </test-method> <!-- tearDown -->
        <test-method status="PASS" signature="browserOpen(java.lang.String)[pri:0, instance:com.KodeItTestCases.NavigatePageTest@8bd1b6a]" name="browserOpen" is-config="true" duration-ms="16324" started-at="2021-04-17T09:19:23Z" finished-at="2021-04-17T09:19:39Z">
          <params>
            <param index="0">
              <value>
                <![CDATA[chrome]]>
              </value>
            </param>
          </params>
          <reporter-output>
          </reporter-output>
        </test-method> <!-- browserOpen -->
        <test-method status="PASS" signature="verifyHeader()[pri:0, instance:com.KodeItTestCases.NavigatePageTest@8bd1b6a]" name="verifyHeader" duration-ms="38" started-at="2021-04-17T09:19:39Z" finished-at="2021-04-17T09:19:39Z">
          <reporter-output>
          </reporter-output>
        </test-method> <!-- verifyHeader -->
        <test-method status="PASS" signature="tearDown()[pri:0, instance:com.KodeItTestCases.NavigatePageTest@8bd1b6a]" name="tearDown" is-config="true" duration-ms="841" started-at="2021-04-17T09:19:39Z" finished-at="2021-04-17T09:19:40Z">
          <reporter-output>
          </reporter-output>
        </test-method> <!-- tearDown -->
        <test-method status="PASS" signature="browserOpen(java.lang.String)[pri:0, instance:com.KodeItTestCases.NavigatePageTest@8bd1b6a]" name="browserOpen" is-config="true" duration-ms="18641" started-at="2021-04-17T09:19:40Z" finished-at="2021-04-17T09:19:58Z">
          <params>
            <param index="0">
              <value>
                <![CDATA[chrome]]>
              </value>
            </param>
          </params>
          <reporter-output>
          </reporter-output>
        </test-method> <!-- browserOpen -->
        <test-method status="PASS" signature="verifyTextPrac()[pri:0, instance:com.KodeItTestCases.NavigatePageTest@8bd1b6a]" name="verifyTextPrac" duration-ms="42" started-at="2021-04-17T09:19:58Z" finished-at="2021-04-17T09:19:58Z">
          <reporter-output>
            <line>
              <![CDATA[executing something from the verify TEXT prac]]>
            </line>
          </reporter-output>
        </test-method> <!-- verifyTextPrac -->
        <test-method status="PASS" signature="tearDown()[pri:0, instance:com.KodeItTestCases.NavigatePageTest@8bd1b6a]" name="tearDown" is-config="true" duration-ms="895" started-at="2021-04-17T09:19:58Z" finished-at="2021-04-17T09:19:59Z">
          <reporter-output>
          </reporter-output>
        </test-method> <!-- tearDown -->
      </class> <!-- com.KodeItTestCases.NavigatePageTest -->
    </test> <!-- Default test -->
  </suite> <!-- Default suite -->
</testng-results>
